#
# There is insufficient memory for the Java Runtime Environment to continue.
# Native memory allocation (malloc) failed to allocate 77594624 bytes for committing reserved memory.
# Possible reasons:
#   The system is out of physical RAM or swap space
#   In 32 bit mode, the process size limit was hit
# Possible solutions:
#   Reduce memory load on the system
#   Increase physical memory or swap space
#   Check if swap backing store is full
#   Use 64 bit Java on a 64 bit OS
#   Decrease Java heap size (-Xmx/-Xms)
#   Decrease number of Java threads
#   Decrease Java thread stack sizes (-Xss)
#   Set larger code cache with -XX:ReservedCodeCacheSize=
# This output file may be truncated or incomplete.
#
#  Out of Memory Error (os_linux.cpp:2756), pid=4959, tid=139760125318912
#
# JRE version: Java(TM) SE Runtime Environment (7.0_80-b15) (build 1.7.0_80-b15)
# Java VM: Java HotSpot(TM) 64-Bit Server VM (24.80-b11 mixed mode linux-amd64 compressed oops)
# Failed to write core dump. Core dumps have been disabled. To enable core dumping, try "ulimit -c unlimited" before starting Java again
#

---------------  T H R E A D  ---------------

Current thread (0x00007f1c74132800):  VMThread [stack: 0x00007f1c708f9000,0x00007f1c709fa000] [id=4969]

Stack: [0x00007f1c708f9000,0x00007f1c709fa000],  sp=0x00007f1c709f8200,  free space=1020k
Native frames: (J=compiled Java code, j=interpreted, Vv=VM code, C=native code)
V  [libjvm.so+0x9a320a]  VMError::report_and_die()+0x2ea
V  [libjvm.so+0x498d3b]  report_vm_out_of_memory(char const*, int, unsigned long, char const*)+0x9b
V  [libjvm.so+0x82191e]  os::Linux::commit_memory_impl(char*, unsigned long, bool)+0xfe
V  [libjvm.so+0x821e69]  os::pd_commit_memory(char*, unsigned long, unsigned long, bool)+0x29
V  [libjvm.so+0x81bb6a]  os::commit_memory(char*, unsigned long, unsigned long, bool)+0x2a
V  [libjvm.so+0x88d623]  PSVirtualSpace::expand_by(unsigned long)+0x53
V  [libjvm.so+0x88e9f8]  PSYoungGen::resize_generation(unsigned long, unsigned long)+0xf8
V  [libjvm.so+0x88db62]  PSYoungGen::resize(unsigned long, unsigned long)+0x22
V  [libjvm.so+0x88af1d]  PSScavenge::invoke_no_policy()+0xf3d
V  [libjvm.so+0x88b761]  PSScavenge::invoke()+0x41
V  [libjvm.so+0x843f40]  ParallelScavengeHeap::failed_mem_allocate(unsigned long)+0x70
V  [libjvm.so+0x9a4a97]  VM_ParallelGCFailedAllocation::doit()+0x97
V  [libjvm.so+0x9abf35]  VM_Operation::evaluate()+0x55
V  [libjvm.so+0x9aa2fa]  VMThread::evaluate_operation(VM_Operation*)+0xba
V  [libjvm.so+0x9aa67e]  VMThread::loop()+0x1ce
V  [libjvm.so+0x9aaaf0]  VMThread::run()+0x70
V  [libjvm.so+0x8238c8]  java_start(Thread*)+0x108

VM_Operation (0x00007f1c7c6a6520): ParallelGCFailedAllocation, mode: safepoint, requested by thread 0x00007f1c7400b800


---------------  P R O C E S S  ---------------

Java Threads: ( => current thread )
  0x00007f1c74193000 JavaThread "Service Thread" daemon [_thread_blocked, id=4975, stack(0x00007f1c68e07000,0x00007f1c68f08000)]
  0x00007f1c74190000 JavaThread "C2 CompilerThread1" daemon [_thread_blocked, id=4974, stack(0x00007f1c68f08000,0x00007f1c69009000)]
  0x00007f1c7418e000 JavaThread "C2 CompilerThread0" daemon [_thread_blocked, id=4973, stack(0x00007f1c69009000,0x00007f1c6910a000)]
  0x00007f1c7415b000 JavaThread "Signal Dispatcher" daemon [_thread_blocked, id=4972, stack(0x00007f1c69c6f000,0x00007f1c69d70000)]
  0x00007f1c74139000 JavaThread "Finalizer" daemon [_thread_blocked, id=4971, stack(0x00007f1c706f7000,0x00007f1c707f8000)]
  0x00007f1c74137000 JavaThread "Reference Handler" daemon [_thread_blocked, id=4970, stack(0x00007f1c707f8000,0x00007f1c708f9000)]
  0x00007f1c7400b800 JavaThread "main" [_thread_blocked, id=4964, stack(0x00007f1c7c5a7000,0x00007f1c7c6a8000)]

Other Threads:
=>0x00007f1c74132800 VMThread [stack: 0x00007f1c708f9000,0x00007f1c709fa000] [id=4969]
  0x00007f1c741a5800 WatcherThread [stack: 0x00007f1c68d06000,0x00007f1c68e07000] [id=4976]

VM state:at safepoint (normal execution)

VM Mutex/Monitor currently owned by a thread:  ([mutex/lock_event])
[0x00007f1c74007d10] Threads_lock - owner thread: 0x00007f1c74132800
[0x00007f1c74008210] Heap_lock - owner thread: 0x00007f1c7400b800

Heap
 PSYoungGen      total 63488K, used 2023K [0x00000000eaa80000, 0x00000000eea80000, 0x0000000100000000)
  eden space 61440K, 0% used [0x00000000eaa80000,0x00000000eaa80000,0x00000000ee680000)
  from space 2048K, 98% used [0x00000000ee680000,0x00000000ee879fa8,0x00000000ee880000)
  to   space 2048K, 0% used [0x00000000ee880000,0x00000000ee880000,0x00000000eea80000)
 ParOldGen       total 38400K, used 16479K [0x00000000c0000000, 0x00000000c2580000, 0x00000000eaa80000)
  object space 38400K, 42% used [0x00000000c0000000,0x00000000c1017df0,0x00000000c2580000)
 PSPermGen       total 21504K, used 6997K [0x00000000bae00000, 0x00000000bc300000, 0x00000000c0000000)
  object space 21504K, 32% used [0x00000000bae00000,0x00000000bb4d5508,0x00000000bc300000)

Card table byte_map: [0x00007f1c79459000,0x00007f1c79683000] byte_map_base: 0x00007f1c78e82000

Polling page: 0x00007f1c7c6c5000

Code Cache  [0x00007f1c71000000, 0x00007f1c71270000, 0x00007f1c74000000)
 total_blobs=1058 nmethods=809 adapters=203 free_code_cache=46840Kb largest_free_block=47919744

Compilation events (10 events):
Event: 45,379 Thread 0x00007f1c7418e000 nmethod 830 0x00007f1c7124b290 code [0x00007f1c7124b3e0, 0x00007f1c7124b518]
Event: 45,380 Thread 0x00007f1c74190000 nmethod 831 0x00007f1c7124aed0 code [0x00007f1c7124b020, 0x00007f1c7124b118]
Event: 45,384 Thread 0x00007f1c7418e000  832             com.android.dex.ClassDef::getClassDataOffset (5 bytes)
Event: 45,384 Thread 0x00007f1c7418e000 nmethod 832 0x00007f1c7122c850 code [0x00007f1c7122c980, 0x00007f1c7122c9d8]
Event: 45,391 Thread 0x00007f1c74190000  833             com.android.dx.io.instructions.ThreeRegisterDecodedInstruction::getA (5 bytes)
Event: 45,391 Thread 0x00007f1c7418e000  834             com.android.dx.io.instructions.ThreeRegisterDecodedInstruction::getB (5 bytes)
Event: 45,392 Thread 0x00007f1c7418e000 nmethod 834 0x00007f1c71246010 code [0x00007f1c71246140, 0x00007f1c71246198]
Event: 45,392 Thread 0x00007f1c74190000 nmethod 833 0x00007f1c71245e10 code [0x00007f1c71245f40, 0x00007f1c71245f98]
Event: 45,392 Thread 0x00007f1c7418e000  835             com.android.dx.io.instructions.ThreeRegisterDecodedInstruction::getC (5 bytes)
Event: 45,392 Thread 0x00007f1c7418e000 nmethod 835 0x00007f1c71247510 code [0x00007f1c71247640, 0x00007f1c71247698]

GC Heap History (9 events):
Event: 3,152 GC heap before
{Heap before GC invocations=1 (full 0):
 PSYoungGen      total 17408K, used 15360K [0x00000000eaa80000, 0x00000000ebd80000, 0x0000000100000000)
  eden space 15360K, 100% used [0x00000000eaa80000,0x00000000eb980000,0x00000000eb980000)
  from space 2048K, 0% used [0x00000000ebb80000,0x00000000ebb80000,0x00000000ebd80000)
  to   space 2048K, 0% used [0x00000000eb980000,0x00000000eb980000,0x00000000ebb80000)
 ParOldGen       total 38400K, used 0K [0x00000000c0000000, 0x00000000c2580000, 0x00000000eaa80000)
  object space 38400K, 0% used [0x00000000c0000000,0x00000000c0000000,0x00000000c2580000)
 PSPermGen       total 21504K, used 4954K [0x00000000bae00000, 0x00000000bc300000, 0x00000000c0000000)
  object space 21504K, 23% used [0x00000000bae00000,0x00000000bb2d6b28,0x00000000bc300000)
Event: 3,199 GC heap after
Heap after GC invocations=1 (full 0):
 PSYoungGen      total 17408K, used 2017K [0x00000000eaa80000, 0x00000000ecc80000, 0x0000000100000000)
  eden space 15360K, 0% used [0x00000000eaa80000,0x00000000eaa80000,0x00000000eb980000)
  from space 2048K, 98% used [0x00000000eb980000,0x00000000ebb786c8,0x00000000ebb80000)
  to   space 2048K, 0% used [0x00000000eca80000,0x00000000eca80000,0x00000000ecc80000)
 ParOldGen       total 38400K, used 1999K [0x00000000c0000000, 0x00000000c2580000, 0x00000000eaa80000)
  object space 38400K, 5% used [0x00000000c0000000,0x00000000c01f3fc0,0x00000000c2580000)
 PSPermGen       total 21504K, used 4954K [0x00000000bae00000, 0x00000000bc300000, 0x00000000c0000000)
  object space 21504K, 23% used [0x00000000bae00000,0x00000000bb2d6b28,0x00000000bc300000)
}
Event: 3,806 GC heap before
{Heap before GC invocations=2 (full 0):
 PSYoungGen      total 17408K, used 17377K [0x00000000eaa80000, 0x00000000ecc80000, 0x0000000100000000)
  eden space 15360K, 100% used [0x00000000eaa80000,0x00000000eb980000,0x00000000eb980000)
  from space 2048K, 98% used [0x00000000eb980000,0x00000000ebb786c8,0x00000000ebb80000)
  to   space 2048K, 0% used [0x00000000eca80000,0x00000000eca80000,0x00000000ecc80000)
 ParOldGen       total 38400K, used 1999K [0x00000000c0000000, 0x00000000c2580000, 0x00000000eaa80000)
  object space 38400K, 5% used [0x00000000c0000000,0x00000000c01f3fc0,0x00000000c2580000)
 PSPermGen       total 21504K, used 5171K [0x00000000bae00000, 0x00000000bc300000, 0x00000000c0000000)
  object space 21504K, 24% used [0x00000000bae00000,0x00000000bb30cc48,0x00000000bc300000)
Event: 3,823 GC heap after
Heap after GC invocations=2 (full 0):
 PSYoungGen      total 32768K, used 2034K [0x00000000eaa80000, 0x00000000ecc80000, 0x0000000100000000)
  eden space 30720K, 0% used [0x00000000eaa80000,0x00000000eaa80000,0x00000000ec880000)
  from space 2048K, 99% used [0x00000000eca80000,0x00000000ecc7c808,0x00000000ecc80000)
  to   space 2048K, 0% used [0x00000000ec880000,0x00000000ec880000,0x00000000eca80000)
 ParOldGen       total 38400K, used 4392K [0x00000000c0000000, 0x00000000c2580000, 0x00000000eaa80000)
  object space 38400K, 11% used [0x00000000c0000000,0x00000000c044a030,0x00000000c2580000)
 PSPermGen       total 21504K, used 5171K [0x00000000bae00000, 0x00000000bc300000, 0x00000000c0000000)
  object space 21504K, 24% used [0x00000000bae00000,0x00000000bb30cc48,0x00000000bc300000)
}
Event: 5,659 GC heap before
{Heap before GC invocations=3 (full 0):
 PSYoungGen      total 32768K, used 32754K [0x00000000eaa80000, 0x00000000ecc80000, 0x0000000100000000)
  eden space 30720K, 100% used [0x00000000eaa80000,0x00000000ec880000,0x00000000ec880000)
  from space 2048K, 99% used [0x00000000eca80000,0x00000000ecc7c808,0x00000000ecc80000)
  to   space 2048K, 0% used [0x00000000ec880000,0x00000000ec880000,0x00000000eca80000)
 ParOldGen       total 38400K, used 4392K [0x00000000c0000000, 0x00000000c2580000, 0x00000000eaa80000)
  object space 38400K, 11% used [0x00000000c0000000,0x00000000c044a030,0x00000000c2580000)
 PSPermGen       total 21504K, used 5235K [0x00000000bae00000, 0x00000000bc300000, 0x00000000c0000000)
  object space 21504K, 24% used [0x00000000bae00000,0x00000000bb31cfe8,0x00000000bc300000)
Event: 5,950 GC heap after
Heap after GC invocations=3 (full 0):
 PSYoungGen      total 32768K, used 2033K [0x00000000eaa80000, 0x00000000eea80000, 0x0000000100000000)
  eden space 30720K, 0% used [0x00000000eaa80000,0x00000000eaa80000,0x00000000ec880000)
  from space 2048K, 99% used [0x00000000ec880000,0x00000000eca7c6e8,0x00000000eca80000)
  to   space 2048K, 0% used [0x00000000ee880000,0x00000000ee880000,0x00000000eea80000)
 ParOldGen       total 38400K, used 8929K [0x00000000c0000000, 0x00000000c2580000, 0x00000000eaa80000)
  object space 38400K, 23% used [0x00000000c0000000,0x00000000c08b86b8,0x00000000c2580000)
 PSPermGen       total 21504K, used 5235K [0x00000000bae00000, 0x00000000bc300000, 0x00000000c0000000)
  object space 21504K, 24% used [0x00000000bae00000,0x00000000bb31cfe8,0x00000000bc300000)
}
Event: 40,613 GC heap before
{Heap before GC invocations=4 (full 0):
 PSYoungGen      total 32768K, used 32285K [0x00000000eaa80000, 0x00000000eea80000, 0x0000000100000000)
  eden space 30720K, 98% used [0x00000000eaa80000,0x00000000ec80b0a8,0x00000000ec880000)
  from space 2048K, 99% used [0x00000000ec880000,0x00000000eca7c6e8,0x00000000eca80000)
  to   space 2048K, 0% used [0x00000000ee880000,0x00000000ee880000,0x00000000eea80000)
 ParOldGen       total 38400K, used 8929K [0x00000000c0000000, 0x00000000c2580000, 0x00000000eaa80000)
  object space 38400K, 23% used [0x00000000c0000000,0x00000000c08b86b8,0x00000000c2580000)
 PSPermGen       total 21504K, used 6928K [0x00000000bae00000, 0x00000000bc300000, 0x00000000c0000000)
  object space 21504K, 32% used [0x00000000bae00000,0x00000000bb4c42c8,0x00000000bc300000)
Event: 41,661 GC heap after
Heap after GC invocations=4 (full 0):
 PSYoungGen      total 63488K, used 2023K [0x00000000eaa80000, 0x00000000eea80000, 0x0000000100000000)
  eden space 61440K, 0% used [0x00000000eaa80000,0x00000000eaa80000,0x00000000ee680000)
  from space 2048K, 98% used [0x00000000ee880000,0x00000000eea79fa8,0x00000000eea80000)
  to   space 2048K, 0% used [0x00000000ee680000,0x00000000ee680000,0x00000000ee880000)
 ParOldGen       total 38400K, used 14924K [0x00000000c0000000, 0x00000000c2580000, 0x00000000eaa80000)
  object space 38400K, 38% used [0x00000000c0000000,0x00000000c0e932b8,0x00000000c2580000)
 PSPermGen       total 21504K, used 6928K [0x00000000bae00000, 0x00000000bc300000, 0x00000000c0000000)
  object space 21504K, 32% used [0x00000000bae00000,0x00000000bb4c42c8,0x00000000bc300000)
}
Event: 48,692 GC heap before
{Heap before GC invocations=5 (full 0):
 PSYoungGen      total 63488K, used 62182K [0x00000000eaa80000, 0x00000000eea80000, 0x0000000100000000)
  eden space 61440K, 97% used [0x00000000eaa80000,0x00000000ee53f930,0x00000000ee680000)
  from space 2048K, 98% used [0x00000000ee880000,0x00000000eea79fa8,0x00000000eea80000)
  to   space 2048K, 0% used [0x00000000ee680000,0x00000000ee680000,0x00000000ee880000)
 ParOldGen       total 38400K, used 14924K [0x00000000c0000000, 0x00000000c2580000, 0x00000000eaa80000)
  object space 38400K, 38% used [0x00000000c0000000,0x00000000c0e932b8,0x00000000c2580000)
 PSPermGen       total 21504K, used 6997K [0x00000000bae00000, 0x00000000bc300000, 0x00000000c0000000)
  object space 21504K, 32% used [0x00000000bae00000,0x00000000bb4d5508,0x00000000bc300000)

Deoptimization events (10 events):
Event: 31,959 Thread 0x00007f1c7400b800 Uncommon trap: reason=unstable_if action=reinterpret pc=0x00007f1c710a879c method=java.util.Arrays.copyOf([Ljava/lang/Object;ILjava/lang/Class;)[Ljava/lang/Object; @ 4
Event: 32,862 Thread 0x00007f1c7400b800 Uncommon trap: reason=class_check action=maybe_recompile pc=0x00007f1c710d25a4 method=java.util.HashMap.<init>(IF)V @ 115
Event: 34,265 Thread 0x00007f1c7400b800 Uncommon trap: reason=class_check action=maybe_recompile pc=0x00007f1c710d25a4 method=java.util.HashMap.<init>(IF)V @ 115
Event: 36,902 Thread 0x00007f1c7400b800 Uncommon trap: reason=unstable_if action=reinterpret pc=0x00007f1c71123798 method=com.android.dex.Mutf8.countBytes(Ljava/lang/String;Z)J @ 35
Event: 36,902 Thread 0x00007f1c7400b800 Uncommon trap: reason=unstable_if action=reinterpret pc=0x00007f1c7112311c method=com.android.dex.Mutf8.encode([BILjava/lang/String;)V @ 31
Event: 40,273 Thread 0x00007f1c7400b800 Uncommon trap: reason=unstable_if action=reinterpret pc=0x00007f1c71106cb8 method=com.android.dex.Mutf8.decode(Lcom/android/dex/util/ByteInput;[C)Ljava/lang/String; @ 37
Event: 40,289 Thread 0x00007f1c7400b800 Uncommon trap: reason=predicate action=maybe_recompile pc=0x00007f1c7111894c method=com.android.dex.Leb128.readUnsignedLeb128(Lcom/android/dex/util/ByteInput;)I @ 41
Event: 43,801 Thread 0x00007f1c7400b800 Uncommon trap: reason=unstable_if action=reinterpret pc=0x00007f1c711e2fd4 method=com.android.dx.merge.DexMerger$IdMerger.mergeSorted()V @ 261
Event: 45,274 Thread 0x00007f1c7400b800 Uncommon trap: reason=predicate action=maybe_recompile pc=0x00007f1c71226f88 method=java.util.ComparableTimSort.binarySort([Ljava/lang/Object;III)V @ 37
Event: 45,411 Thread 0x00007f1c7400b800 Uncommon trap: reason=array_check action=maybe_recompile pc=0x00007f1c7124345c method=java.util.ComparableTimSort.binarySort([Ljava/lang/Object;III)V @ 193

Internal exceptions (10 events):
Event: 38,633 Thread 0x00007f1c7400b800 Threw 0x00000000ebfa5c00 at /HUDSON/workspace/7u-2-build-linux-amd64/jdk7u80/2329/hotspot/src/share/vm/prims/jvm.cpp:1319
Event: 38,633 Thread 0x00007f1c7400b800 Threw 0x00000000ebfa97b0 at /HUDSON/workspace/7u-2-build-linux-amd64/jdk7u80/2329/hotspot/src/share/vm/prims/jvm.cpp:1319
Event: 38,633 Thread 0x00007f1c7400b800 Threw 0x00000000ebfad558 at /HUDSON/workspace/7u-2-build-linux-amd64/jdk7u80/2329/hotspot/src/share/vm/prims/jvm.cpp:1319
Event: 38,635 Thread 0x00007f1c7400b800 Threw 0x00000000ebfb3558 at /HUDSON/workspace/7u-2-build-linux-amd64/jdk7u80/2329/hotspot/src/share/vm/prims/jvm.cpp:1319
Event: 38,635 Thread 0x00007f1c7400b800 Threw 0x00000000ebfb6850 at /HUDSON/workspace/7u-2-build-linux-amd64/jdk7u80/2329/hotspot/src/share/vm/prims/jvm.cpp:1319
Event: 38,635 Thread 0x00007f1c7400b800 Threw 0x00000000ebfb9dd8 at /HUDSON/workspace/7u-2-build-linux-amd64/jdk7u80/2329/hotspot/src/share/vm/prims/jvm.cpp:1319
Event: 38,636 Thread 0x00007f1c7400b800 Threw 0x00000000ebfbda00 at /HUDSON/workspace/7u-2-build-linux-amd64/jdk7u80/2329/hotspot/src/share/vm/prims/jvm.cpp:1319
Event: 38,638 Thread 0x00007f1c7400b800 Threw 0x00000000ec005030 at /HUDSON/workspace/7u-2-build-linux-amd64/jdk7u80/2329/hotspot/src/share/vm/prims/jvm.cpp:1319
Event: 38,638 Thread 0x00007f1c7400b800 Threw 0x00000000ec007480 at /HUDSON/workspace/7u-2-build-linux-amd64/jdk7u80/2329/hotspot/src/share/vm/prims/jvm.cpp:1319
Event: 43,179 Thread 0x00007f1c7400b800 Threw 0x00000000eb604510 at /HUDSON/workspace/7u-2-build-linux-amd64/jdk7u80/2329/hotspot/src/share/vm/prims/jvm.cpp:1319

Events (10 events):
Event: 45,265 Thread 0x00007f1c74190000 flushing nmethod 0x00007f1c710d7e10
Event: 45,274 Thread 0x00007f1c7400b800 Uncommon trap: trap_request=0xffffff86 fr.pc=0x00007f1c71226f88
Event: 45,274 Thread 0x00007f1c7400b800 DEOPT PACKING pc=0x00007f1c71226f88 sp=0x00007f1c7c6a6460
Event: 45,274 Thread 0x00007f1c7400b800 DEOPT UNPACKING pc=0x00007f1c71039045 sp=0x00007f1c7c6a6440 mode 2
Event: 45,286 Thread 0x00007f1c7418e000 flushing nmethod 0x00007f1c710f0f50
Event: 45,293 Thread 0x00007f1c74190000 flushing nmethod 0x00007f1c711073d0
Event: 45,411 Thread 0x00007f1c7400b800 Uncommon trap: trap_request=0xffffffd6 fr.pc=0x00007f1c7124345c
Event: 45,411 Thread 0x00007f1c7400b800 DEOPT PACKING pc=0x00007f1c7124345c sp=0x00007f1c7c6a6460
Event: 45,411 Thread 0x00007f1c7400b800 DEOPT UNPACKING pc=0x00007f1c71039045 sp=0x00007f1c7c6a6428 mode 2
Event: 47,247 Executing VM operation: ParallelGCFailedAllocation


Dynamic libraries:
00400000-00401000 r-xp 00000000 08:05 275917                             /usr/lib/jvm/java-7-oracle/bin/java
00600000-00601000 rw-p 00000000 08:05 275917                             /usr/lib/jvm/java-7-oracle/bin/java
00f02000-00f23000 rw-p 00000000 00:00 0                                  [heap]
bae00000-bc300000 rw-p 00000000 00:00 0 
bc300000-c0000000 rw-p 00000000 00:00 0 
c0000000-c2580000 rw-p 00000000 00:00 0 
c2580000-eaa80000 rw-p 00000000 00:00 0 
eaa80000-eea80000 rw-p 00000000 00:00 0 
f3480000-100000000 rw-p 00000000 00:00 0 
7f1c34000000-7f1c34021000 rw-p 00000000 00:00 0 
7f1c34021000-7f1c38000000 ---p 00000000 00:00 0 
7f1c3c000000-7f1c3cdd7000 rw-p 00000000 00:00 0 
7f1c3cdd7000-7f1c40000000 ---p 00000000 00:00 0 
7f1c44000000-7f1c44021000 rw-p 00000000 00:00 0 
7f1c44021000-7f1c48000000 ---p 00000000 00:00 0 
7f1c48000000-7f1c48c4b000 rw-p 00000000 00:00 0 
7f1c48c4b000-7f1c4c000000 ---p 00000000 00:00 0 
7f1c4c000000-7f1c4c021000 rw-p 00000000 00:00 0 
7f1c4c021000-7f1c50000000 ---p 00000000 00:00 0 
7f1c50000000-7f1c50021000 rw-p 00000000 00:00 0 
7f1c50021000-7f1c54000000 ---p 00000000 00:00 0 
7f1c54000000-7f1c54021000 rw-p 00000000 00:00 0 
7f1c54021000-7f1c58000000 ---p 00000000 00:00 0 
7f1c58000000-7f1c580e2000 rw-p 00000000 00:00 0 
7f1c580e2000-7f1c5c000000 ---p 00000000 00:00 0 
7f1c5c000000-7f1c5c021000 rw-p 00000000 00:00 0 
7f1c5c021000-7f1c60000000 ---p 00000000 00:00 0 
7f1c60000000-7f1c60021000 rw-p 00000000 00:00 0 
7f1c60021000-7f1c64000000 ---p 00000000 00:00 0 
7f1c64000000-7f1c64021000 rw-p 00000000 00:00 0 
7f1c64021000-7f1c68000000 ---p 00000000 00:00 0 
7f1c68470000-7f1c688de000 rw-p 00000000 00:00 0 
7f1c688de000-7f1c688f5000 r-xp 00000000 08:05 273891                     /usr/lib/jvm/java-7-oracle/jre/lib/amd64/libnet.so
7f1c688f5000-7f1c68af4000 ---p 00017000 08:05 273891                     /usr/lib/jvm/java-7-oracle/jre/lib/amd64/libnet.so
7f1c68af4000-7f1c68af5000 rw-p 00016000 08:05 273891                     /usr/lib/jvm/java-7-oracle/jre/lib/amd64/libnet.so
7f1c68af5000-7f1c68b05000 r-xp 00000000 08:05 273857                     /usr/lib/jvm/java-7-oracle/jre/lib/amd64/libnio.so
7f1c68b05000-7f1c68d05000 ---p 00010000 08:05 273857                     /usr/lib/jvm/java-7-oracle/jre/lib/amd64/libnio.so
7f1c68d05000-7f1c68d06000 rw-p 00010000 08:05 273857                     /usr/lib/jvm/java-7-oracle/jre/lib/amd64/libnio.so
7f1c68d06000-7f1c68d07000 ---p 00000000 00:00 0 
7f1c68d07000-7f1c68e07000 rw-p 00000000 00:00 0                          [stack:4976]
7f1c68e07000-7f1c68e0a000 ---p 00000000 00:00 0 
7f1c68e0a000-7f1c68f08000 rw-p 00000000 00:00 0                          [stack:4975]
7f1c68f08000-7f1c68f0b000 ---p 00000000 00:00 0 
7f1c68f0b000-7f1c69009000 rw-p 00000000 00:00 0                          [stack:4974]
7f1c69009000-7f1c6900c000 ---p 00000000 00:00 0 
7f1c6900c000-7f1c6910a000 rw-p 00000000 00:00 0                          [stack:4973]
7f1c6910a000-7f1c6910f000 r-xp 00000000 08:05 142270                     /usr/lib/x86_64-linux-gnu/libXdmcp.so.6.0.0
7f1c6910f000-7f1c6930e000 ---p 00005000 08:05 142270                     /usr/lib/x86_64-linux-gnu/libXdmcp.so.6.0.0
7f1c6930e000-7f1c6930f000 r--p 00004000 08:05 142270                     /usr/lib/x86_64-linux-gnu/libXdmcp.so.6.0.0
7f1c6930f000-7f1c69310000 rw-p 00005000 08:05 142270                     /usr/lib/x86_64-linux-gnu/libXdmcp.so.6.0.0
7f1c69310000-7f1c69312000 r-xp 00000000 08:05 142259                     /usr/lib/x86_64-linux-gnu/libXau.so.6.0.0
7f1c69312000-7f1c69512000 ---p 00002000 08:05 142259                     /usr/lib/x86_64-linux-gnu/libXau.so.6.0.0
7f1c69512000-7f1c69513000 r--p 00002000 08:05 142259                     /usr/lib/x86_64-linux-gnu/libXau.so.6.0.0
7f1c69513000-7f1c69514000 rw-p 00003000 08:05 142259                     /usr/lib/x86_64-linux-gnu/libXau.so.6.0.0
7f1c69514000-7f1c69531000 r-xp 00000000 08:05 143457                     /usr/lib/x86_64-linux-gnu/libxcb.so.1.1.0
7f1c69531000-7f1c69731000 ---p 0001d000 08:05 143457                     /usr/lib/x86_64-linux-gnu/libxcb.so.1.1.0
7f1c69731000-7f1c69732000 r--p 0001d000 08:05 143457                     /usr/lib/x86_64-linux-gnu/libxcb.so.1.1.0
7f1c69732000-7f1c69733000 rw-p 0001e000 08:05 143457                     /usr/lib/x86_64-linux-gnu/libxcb.so.1.1.0
7f1c69733000-7f1c69866000 r-xp 00000000 08:05 142255                     /usr/lib/x86_64-linux-gnu/libX11.so.6.3.0
7f1c69866000-7f1c69a66000 ---p 00133000 08:05 142255                     /usr/lib/x86_64-linux-gnu/libX11.so.6.3.0
7f1c69a66000-7f1c69a67000 r--p 00133000 08:05 142255                     /usr/lib/x86_64-linux-gnu/libX11.so.6.3.0
7f1c69a67000-7f1c69a6b000 rw-p 00134000 08:05 142255                     /usr/lib/x86_64-linux-gnu/libX11.so.6.3.0
7f1c69a6b000-7f1c69a6c000 rw-p 00000000 00:00 0 
7f1c69a6c000-7f1c69a6e000 r-xp 00000000 08:05 136546                     /usr/lib/jayatana/libjayatanaag.so
7f1c69a6e000-7f1c69c6d000 ---p 00002000 08:05 136546                     /usr/lib/jayatana/libjayatanaag.so
7f1c69c6d000-7f1c69c6e000 r--p 00001000 08:05 136546                     /usr/lib/jayatana/libjayatanaag.so
7f1c69c6e000-7f1c69c6f000 rw-p 00002000 08:05 136546                     /usr/lib/jayatana/libjayatanaag.so
7f1c69c6f000-7f1c69c72000 ---p 00000000 00:00 0 
7f1c69c72000-7f1c6c000000 rw-p 00000000 00:00 0                          [stack:4972]
7f1c6c000000-7f1c6c021000 rw-p 00000000 00:00 0 
7f1c6c021000-7f1c70000000 ---p 00000000 00:00 0 
7f1c70014000-7f1c706f7000 r--p 00000000 08:05 140050                     /usr/lib/locale/locale-archive
7f1c706f7000-7f1c706fa000 ---p 00000000 00:00 0 
7f1c706fa000-7f1c707f8000 rw-p 00000000 00:00 0                          [stack:4971]
7f1c707f8000-7f1c707fb000 ---p 00000000 00:00 0 
7f1c707fb000-7f1c708f9000 rw-p 00000000 00:00 0                          [stack:4970]
7f1c708f9000-7f1c708fa000 ---p 00000000 00:00 0 
7f1c708fa000-7f1c71000000 rw-p 00000000 00:00 0                          [stack:4969]
7f1c71000000-7f1c71270000 rwxp 00000000 00:00 0 
7f1c71270000-7f1c742b9000 rw-p 00000000 00:00 0 
7f1c742b9000-7f1c78000000 ---p 00000000 00:00 0 
7f1c780c8000-7f1c78a1c000 rw-p 00000000 00:00 0 
7f1c78a1c000-7f1c78bdc000 r--s 039fb000 08:05 273971                     /usr/lib/jvm/java-7-oracle/jre/lib/rt.jar
7f1c78bdc000-7f1c78ed6000 rw-p 00000000 00:00 0 
7f1c78ed6000-7f1c78ed7000 ---p 00000000 00:00 0 
7f1c78ed7000-7f1c78fd7000 rw-p 00000000 00:00 0                          [stack:4968]
7f1c78fd7000-7f1c78fd8000 ---p 00000000 00:00 0 
7f1c78fd8000-7f1c790d8000 rw-p 00000000 00:00 0                          [stack:4967]
7f1c790d8000-7f1c790d9000 ---p 00000000 00:00 0 
7f1c790d9000-7f1c791d9000 rw-p 00000000 00:00 0                          [stack:4966]
7f1c791d9000-7f1c791da000 ---p 00000000 00:00 0 
7f1c791da000-7f1c792e5000 rw-p 00000000 00:00 0                          [stack:4965]
7f1c792e5000-7f1c79303000 rw-p 00000000 00:00 0 
7f1c79303000-7f1c79316000 rw-p 00000000 00:00 0 
7f1c79316000-7f1c79459000 rw-p 00000000 00:00 0 
7f1c79459000-7f1c79464000 rw-p 00000000 00:00 0 
7f1c79464000-7f1c79482000 rw-p 00000000 00:00 0 
7f1c79482000-7f1c79495000 rw-p 00000000 00:00 0 
7f1c79495000-7f1c795d7000 rw-p 00000000 00:00 0 
7f1c795d7000-7f1c795f8000 rw-p 00000000 00:00 0 
7f1c795f8000-7f1c79682000 rw-p 00000000 00:00 0 
7f1c79682000-7f1c79683000 rw-p 00000000 00:00 0 
7f1c79683000-7f1c7969a000 r-xp 00000000 08:05 273886                     /usr/lib/jvm/java-7-oracle/jre/lib/amd64/libzip.so
7f1c7969a000-7f1c7989a000 ---p 00017000 08:05 273886                     /usr/lib/jvm/java-7-oracle/jre/lib/amd64/libzip.so
7f1c7989a000-7f1c7989b000 rw-p 00017000 08:05 273886                     /usr/lib/jvm/java-7-oracle/jre/lib/amd64/libzip.so
7f1c7989b000-7f1c798a7000 r-xp 00000000 08:05 528296                     /lib/x86_64-linux-gnu/libnss_files-2.21.so
7f1c798a7000-7f1c79aa6000 ---p 0000c000 08:05 528296                     /lib/x86_64-linux-gnu/libnss_files-2.21.so
7f1c79aa6000-7f1c79aa7000 r--p 0000b000 08:05 528296                     /lib/x86_64-linux-gnu/libnss_files-2.21.so
7f1c79aa7000-7f1c79aa8000 rw-p 0000c000 08:05 528296                     /lib/x86_64-linux-gnu/libnss_files-2.21.so
7f1c79aa8000-7f1c79ab3000 r-xp 00000000 08:05 528306                     /lib/x86_64-linux-gnu/libnss_nis-2.21.so
7f1c79ab3000-7f1c79cb2000 ---p 0000b000 08:05 528306                     /lib/x86_64-linux-gnu/libnss_nis-2.21.so
7f1c79cb2000-7f1c79cb3000 r--p 0000a000 08:05 528306                     /lib/x86_64-linux-gnu/libnss_nis-2.21.so
7f1c79cb3000-7f1c79cb4000 rw-p 0000b000 08:05 528306                     /lib/x86_64-linux-gnu/libnss_nis-2.21.so
7f1c79cb4000-7f1c79ccb000 r-xp 00000000 08:05 528290                     /lib/x86_64-linux-gnu/libnsl-2.21.so
7f1c79ccb000-7f1c79eca000 ---p 00017000 08:05 528290                     /lib/x86_64-linux-gnu/libnsl-2.21.so
7f1c79eca000-7f1c79ecb000 r--p 00016000 08:05 528290                     /lib/x86_64-linux-gnu/libnsl-2.21.so
7f1c79ecb000-7f1c79ecc000 rw-p 00017000 08:05 528290                     /lib/x86_64-linux-gnu/libnsl-2.21.so
7f1c79ecc000-7f1c79ece000 rw-p 00000000 00:00 0 
7f1c79ece000-7f1c79ed6000 r-xp 00000000 08:05 528292                     /lib/x86_64-linux-gnu/libnss_compat-2.21.so
7f1c79ed6000-7f1c7a0d5000 ---p 00008000 08:05 528292                     /lib/x86_64-linux-gnu/libnss_compat-2.21.so
7f1c7a0d5000-7f1c7a0d6000 r--p 00007000 08:05 528292                     /lib/x86_64-linux-gnu/libnss_compat-2.21.so
7f1c7a0d6000-7f1c7a0d7000 rw-p 00008000 08:05 528292                     /lib/x86_64-linux-gnu/libnss_compat-2.21.so
7f1c7a0d7000-7f1c7a0e1000 r-xp 00000000 08:05 273899                     /usr/lib/jvm/java-7-oracle/jre/lib/amd64/libinstrument.so
7f1c7a0e1000-7f1c7a2e0000 ---p 0000a000 08:05 273899                     /usr/lib/jvm/java-7-oracle/jre/lib/amd64/libinstrument.so
7f1c7a2e0000-7f1c7a2e1000 rw-p 00009000 08:05 273899                     /usr/lib/jvm/java-7-oracle/jre/lib/amd64/libinstrument.so
7f1c7a2e1000-7f1c7a30a000 r-xp 00000000 08:05 273852                     /usr/lib/jvm/java-7-oracle/jre/lib/amd64/libjava.so
7f1c7a30a000-7f1c7a50a000 ---p 00029000 08:05 273852                     /usr/lib/jvm/java-7-oracle/jre/lib/amd64/libjava.so
7f1c7a50a000-7f1c7a50c000 rw-p 00029000 08:05 273852                     /usr/lib/jvm/java-7-oracle/jre/lib/amd64/libjava.so
7f1c7a50c000-7f1c7a519000 r-xp 00000000 08:05 273879                     /usr/lib/jvm/java-7-oracle/jre/lib/amd64/libverify.so
7f1c7a519000-7f1c7a718000 ---p 0000d000 08:05 273879                     /usr/lib/jvm/java-7-oracle/jre/lib/amd64/libverify.so
7f1c7a718000-7f1c7a71a000 rw-p 0000c000 08:05 273879                     /usr/lib/jvm/java-7-oracle/jre/lib/amd64/libverify.so
7f1c7a71a000-7f1c7a721000 r-xp 00000000 08:05 528351                     /lib/x86_64-linux-gnu/librt-2.21.so
7f1c7a721000-7f1c7a920000 ---p 00007000 08:05 528351                     /lib/x86_64-linux-gnu/librt-2.21.so
7f1c7a920000-7f1c7a921000 r--p 00006000 08:05 528351                     /lib/x86_64-linux-gnu/librt-2.21.so
7f1c7a921000-7f1c7a922000 rw-p 00007000 08:05 528351                     /lib/x86_64-linux-gnu/librt-2.21.so
7f1c7a922000-7f1c7aa29000 r-xp 00000000 08:05 528269                     /lib/x86_64-linux-gnu/libm-2.21.so
7f1c7aa29000-7f1c7ac28000 ---p 00107000 08:05 528269                     /lib/x86_64-linux-gnu/libm-2.21.so
7f1c7ac28000-7f1c7ac29000 r--p 00106000 08:05 528269                     /lib/x86_64-linux-gnu/libm-2.21.so
7f1c7ac29000-7f1c7ac2a000 rw-p 00107000 08:05 528269                     /lib/x86_64-linux-gnu/libm-2.21.so
7f1c7ac2a000-7f1c7b7a0000 r-xp 00000000 08:05 273906                     /usr/lib/jvm/java-7-oracle/jre/lib/amd64/server/libjvm.so
7f1c7b7a0000-7f1c7b99f000 ---p 00b76000 08:05 273906                     /usr/lib/jvm/java-7-oracle/jre/lib/amd64/server/libjvm.so
7f1c7b99f000-7f1c7ba63000 rw-p 00b75000 08:05 273906                     /usr/lib/jvm/java-7-oracle/jre/lib/amd64/server/libjvm.so
7f1c7ba63000-7f1c7baa4000 rw-p 00000000 00:00 0 
7f1c7baa4000-7f1c7bc64000 r-xp 00000000 08:05 528210                     /lib/x86_64-linux-gnu/libc-2.21.so
7f1c7bc64000-7f1c7be64000 ---p 001c0000 08:05 528210                     /lib/x86_64-linux-gnu/libc-2.21.so
7f1c7be64000-7f1c7be68000 r--p 001c0000 08:05 528210                     /lib/x86_64-linux-gnu/libc-2.21.so
7f1c7be68000-7f1c7be6a000 rw-p 001c4000 08:05 528210                     /lib/x86_64-linux-gnu/libc-2.21.so
7f1c7be6a000-7f1c7be6e000 rw-p 00000000 00:00 0 
7f1c7be6e000-7f1c7be71000 r-xp 00000000 08:05 528227                     /lib/x86_64-linux-gnu/libdl-2.21.so
7f1c7be71000-7f1c7c070000 ---p 00003000 08:05 528227                     /lib/x86_64-linux-gnu/libdl-2.21.so
7f1c7c070000-7f1c7c071000 r--p 00002000 08:05 528227                     /lib/x86_64-linux-gnu/libdl-2.21.so
7f1c7c071000-7f1c7c072000 rw-p 00003000 08:05 528227                     /lib/x86_64-linux-gnu/libdl-2.21.so
7f1c7c072000-7f1c7c087000 r-xp 00000000 08:05 274638                     /usr/lib/jvm/java-7-oracle/lib/amd64/jli/libjli.so
7f1c7c087000-7f1c7c286000 ---p 00015000 08:05 274638                     /usr/lib/jvm/java-7-oracle/lib/amd64/jli/libjli.so
7f1c7c286000-7f1c7c287000 rw-p 00014000 08:05 274638                     /usr/lib/jvm/java-7-oracle/lib/amd64/jli/libjli.so
7f1c7c287000-7f1c7c29f000 r-xp 00000000 08:05 528343                     /lib/x86_64-linux-gnu/libpthread-2.21.so
7f1c7c29f000-7f1c7c49f000 ---p 00018000 08:05 528343                     /lib/x86_64-linux-gnu/libpthread-2.21.so
7f1c7c49f000-7f1c7c4a0000 r--p 00018000 08:05 528343                     /lib/x86_64-linux-gnu/libpthread-2.21.so
7f1c7c4a0000-7f1c7c4a1000 rw-p 00019000 08:05 528343                     /lib/x86_64-linux-gnu/libpthread-2.21.so
7f1c7c4a1000-7f1c7c4a5000 rw-p 00000000 00:00 0 
7f1c7c4a5000-7f1c7c4c9000 r-xp 00000000 08:05 528182                     /lib/x86_64-linux-gnu/ld-2.21.so
7f1c7c4cc000-7f1c7c4cd000 rw-p 00000000 00:00 0 
7f1c7c4cd000-7f1c7c4d1000 r--s 0008b000 08:05 273966                     /usr/lib/jvm/java-7-oracle/jre/lib/jsse.jar
7f1c7c4d1000-7f1c7c4f1000 rw-p 00000000 00:00 0 
7f1c7c4f1000-7f1c7c5a7000 rw-p 00000000 00:00 0 
7f1c7c5a7000-7f1c7c5aa000 ---p 00000000 00:00 0 
7f1c7c5aa000-7f1c7c6ac000 rw-p 00000000 00:00 0                          [stack:4964]
7f1c7c6ac000-7f1c7c6ad000 r--s 00000000 08:05 401464                     /usr/share/java/jayatanaag.jar
7f1c7c6ad000-7f1c7c6bc000 r--s 000dd000 08:05 1185064                    /home/ioane/Android/Sdk/build-tools/21.1.2/lib/dx.jar
7f1c7c6bc000-7f1c7c6c4000 rw-s 00000000 08:05 1203893                    /tmp/hsperfdata_ioane/4959
7f1c7c6c4000-7f1c7c6c5000 rw-p 00000000 00:00 0 
7f1c7c6c5000-7f1c7c6c6000 ---p 00000000 00:00 0 
7f1c7c6c6000-7f1c7c6c8000 rw-p 00000000 00:00 0 
7f1c7c6c8000-7f1c7c6c9000 r--p 00023000 08:05 528182                     /lib/x86_64-linux-gnu/ld-2.21.so
7f1c7c6c9000-7f1c7c6ca000 rw-p 00024000 08:05 528182                     /lib/x86_64-linux-gnu/ld-2.21.so
7f1c7c6ca000-7f1c7c6cb000 rw-p 00000000 00:00 0 
7ffc60266000-7ffc60287000 rw-p 00000000 00:00 0                          [stack]
7ffc6030a000-7ffc6030c000 r--p 00000000 00:00 0                          [vvar]
7ffc6030c000-7ffc6030e000 r-xp 00000000 00:00 0                          [vdso]
ffffffffff600000-ffffffffff601000 r-xp 00000000 00:00 0                  [vsyscall]

VM Arguments:
jvm_args: -javaagent:/usr/share/java/jayatanaag.jar -Xmx1024M -Dfile.encoding=UTF-8 -Duser.country=US -Duser.language=en -Duser.variant 
java_command: com.android.dx.command.Main --dex --output /home/ioane/Android studioProjects/GeoSMS-Release/app/build/intermediates/dex/debug /home/ioane/Android studioProjects/GeoSMS-Release/app/build/intermediates/classes/debug /home/ioane/Android studioProjects/GeoSMS-Release/app/build/intermediates/pre-dexed/debug/support-annotations-22.1.1-5c07ad0b0454f94424a48bb204339739abfa9abe.jar /home/ioane/Android studioProjects/GeoSMS-Release/app/build/intermediates/pre-dexed/debug/classes-4046c95709fcdbd38ced562a5fe508c56109a8b1.jar /home/ioane/Android studioProjects/GeoSMS-Release/app/build/intermediates/pre-dexed/debug/classes-c71ff970117bd716a606351a1ea47341277547e6.jar /home/ioane/Android studioProjects/GeoSMS-Release/app/build/intermediates/pre-dexed/debug/library-2.4.0-06c8fd835f31cc6d57eaa8e3c194e07e64b8a5a0.jar /home/ioane/Android studioProjects/GeoSMS-Release/app/build/intermediates/pre-dexed/debug/internal_impl-22.1.1-d87bc9e73b29424fdc03fb7b4a224e53cbcc7c22.jar /home/ioane/Android studioProjects/GeoSMS-Release/app/build/intermediates/pre-dexed/debug/classes-034621fd0e94bf6be533c34744ed98715df8bc43.jar /home/ioane/Android studioProjects/GeoSMS-Release/app/build/intermediates/pre-dexed/debug/classes-5a64d1fa78ca01b48dc9e4a0bb245a463bc31508.jar /home/ioane/Android studioProjects/GeoSMS-Release/app/build/intermediates/pre-dexed/debug/classes-3d3c43c30664d3503d1946528cb174566d4610cb.jar
Launcher Type: SUN_STANDARD

Environment Variables:
JAVA_TOOL_OPTIONS=-javaagent:/usr/share/java/jayatanaag.jar 
PATH=/usr/local/sbin:/usr/local/bin:/usr/sbin:/usr/bin:/sbin:/bin:/usr/games:/usr/local/games
SHELL=/bin/bash
DISPLAY=:0

Signal Handlers:
SIGSEGV: [libjvm.so+0x9a3b20], sa_mask[0]=0x7ffbfeff, sa_flags=0x10000004
SIGBUS: [libjvm.so+0x9a3b20], sa_mask[0]=0x7ffbfeff, sa_flags=0x10000004
SIGFPE: [libjvm.so+0x81e740], sa_mask[0]=0x7ffbfeff, sa_flags=0x10000004
SIGPIPE: [libjvm.so+0x81e740], sa_mask[0]=0x7ffbfeff, sa_flags=0x10000004
SIGXFSZ: [libjvm.so+0x81e740], sa_mask[0]=0x7ffbfeff, sa_flags=0x10000004
SIGILL: [libjvm.so+0x81e740], sa_mask[0]=0x7ffbfeff, sa_flags=0x10000004
SIGUSR1: SIG_DFL, sa_mask[0]=0x00000000, sa_flags=0x00000000
SIGUSR2: [libjvm.so+0x81ffb0], sa_mask[0]=0x00000004, sa_flags=0x10000004
SIGHUP: [libjvm.so+0x8210d0], sa_mask[0]=0x7ffbfeff, sa_flags=0x10000004
SIGINT: [libjvm.so+0x8210d0], sa_mask[0]=0x7ffbfeff, sa_flags=0x10000004
SIGTERM: [libjvm.so+0x8210d0], sa_mask[0]=0x7ffbfeff, sa_flags=0x10000004
SIGQUIT: [libjvm.so+0x8210d0], sa_mask[0]=0x7ffbfeff, sa_flags=0x10000004


---------------  S Y S T E M  ---------------

OS:jessie/sid

uname:Linux 3.19.0-16-generic #16-Ubuntu SMP Thu Apr 30 16:09:58 UTC 2015 x86_64
libc:glibc 2.21 NPTL 2.21 
rlimit: STACK 8192k, CORE 0k, NPROC 14420, NOFILE 65536, AS infinity
load average:26,22 8,95 4,31

/proc/meminfo:
MemTotal:        3713924 kB
MemFree:          104692 kB
MemAvailable:      51132 kB
Buffers:             672 kB
Cached:           464484 kB
SwapCached:         3548 kB
Active:          2557932 kB
Inactive:         882756 kB
Active(anon):    2550212 kB
Inactive(anon):   862916 kB
Active(file):       7720 kB
Inactive(file):    19840 kB
Unevictable:          48 kB
Mlocked:              48 kB
SwapTotal:       1952764 kB
SwapFree:              8 kB
Dirty:               112 kB
Writeback:             0 kB
AnonPages:       2972924 kB
Mapped:            39936 kB
Shmem:            437424 kB
Slab:              67936 kB
SReclaimable:      34256 kB
SUnreclaim:        33680 kB
KernelStack:        9776 kB
PageTables:        44240 kB
NFS_Unstable:          0 kB
Bounce:                0 kB
WritebackTmp:          0 kB
CommitLimit:     3809724 kB
Committed_AS:   10932660 kB
VmallocTotal:   34359738367 kB
VmallocUsed:      573020 kB
VmallocChunk:   34359158268 kB
HardwareCorrupted:     0 kB
AnonHugePages:   1544192 kB
CmaTotal:              0 kB
CmaFree:               0 kB
HugePages_Total:       0
HugePages_Free:        0
HugePages_Rsvd:        0
HugePages_Surp:        0
Hugepagesize:       2048 kB
DirectMap4k:      160864 kB
DirectMap2M:     3696640 kB


CPU:total 4 (2 cores per cpu, 2 threads per core) family 6 model 37 stepping 5, cmov, cx8, fxsr, mmx, sse, sse2, sse3, ssse3, sse4.1, sse4.2, popcnt, ht, tsc, tscinvbit

/proc/cpuinfo:
processor	: 0
vendor_id	: GenuineIntel
cpu family	: 6
model		: 37
model name	: Intel(R) Core(TM) i5 CPU       M 580  @ 2.67GHz
stepping	: 5
microcode	: 0x2
cpu MHz		: 2667.000
cache size	: 3072 KB
physical id	: 0
siblings	: 4
core id		: 0
cpu cores	: 2
apicid		: 0
initial apicid	: 0
fpu		: yes
fpu_exception	: yes
cpuid level	: 11
wp		: yes
flags		: fpu vme de pse tsc msr pae mce cx8 apic sep mtrr pge mca cmov pat pse36 clflush dts acpi mmx fxsr sse sse2 ss ht tm pbe syscall nx rdtscp lm constant_tsc arch_perfmon pebs bts rep_good nopl xtopology nonstop_tsc aperfmperf pni dtes64 monitor ds_cpl vmx smx est tm2 ssse3 cx16 xtpr pdcm pcid sse4_1 sse4_2 popcnt lahf_lm ida arat dtherm tpr_shadow vnmi flexpriority ept vpid
bugs		:
bogomips	: 5320.47
clflush size	: 64
cache_alignment	: 64
address sizes	: 36 bits physical, 48 bits virtual
power management:

processor	: 1
vendor_id	: GenuineIntel
cpu family	: 6
model		: 37
model name	: Intel(R) Core(TM) i5 CPU       M 580  @ 2.67GHz
stepping	: 5
microcode	: 0x2
cpu MHz		: 2667.000
cache size	: 3072 KB
physical id	: 0
siblings	: 4
core id		: 0
cpu cores	: 2
apicid		: 1
initial apicid	: 1
fpu		: yes
fpu_exception	: yes
cpuid level	: 11
wp		: yes
flags		: fpu vme de pse tsc msr pae mce cx8 apic sep mtrr pge mca cmov pat pse36 clflush dts acpi mmx fxsr sse sse2 ss ht tm pbe syscall nx rdtscp lm constant_tsc arch_perfmon pebs bts rep_good nopl xtopology nonstop_tsc aperfmperf pni dtes64 monitor ds_cpl vmx smx est tm2 ssse3 cx16 xtpr pdcm pcid sse4_1 sse4_2 popcnt lahf_lm ida arat dtherm tpr_shadow vnmi flexpriority ept vpid
bugs		:
bogomips	: 5320.47
clflush size	: 64
cache_alignment	: 64
address sizes	: 36 bits physical, 48 bits virtual
power management:

processor	: 2
vendor_id	: GenuineIntel
cpu family	: 6
model		: 37
model name	: Intel(R) Core(TM) i5 CPU       M 580  @ 2.67GHz
stepping	: 5
microcode	: 0x2
cpu MHz		: 2667.000
cache size	: 3072 KB
physical id	: 0
siblings	: 4
core id		: 2
cpu cores	: 2
apicid		: 4
initial apicid	: 4
fpu		: yes
fpu_exception	: yes
cpuid level	: 11
wp		: yes
flags		: fpu vme de pse tsc msr pae mce cx8 apic sep mtrr pge mca cmov pat pse36 clflush dts acpi mmx fxsr sse sse2 ss ht tm pbe syscall nx rdtscp lm constant_tsc arch_perfmon pebs bts rep_good nopl xtopology nonstop_tsc aperfmperf pni dtes64 monitor ds_cpl vmx smx est tm2 ssse3 cx16 xtpr pdcm pcid sse4_1 sse4_2 popcnt lahf_lm ida arat dtherm tpr_shadow vnmi flexpriority ept vpid
bugs		:
bogomips	: 5320.47
clflush size	: 64
cache_alignment	: 64
address sizes	: 36 bits physical, 48 bits virtual
power management:

processor	: 3
vendor_id	: GenuineIntel
cpu family	: 6
model		: 37
model name	: Intel(R) Core(TM) i5 CPU       M 580  @ 2.67GHz
stepping	: 5
microcode	: 0x2
cpu MHz		: 2667.000
cache size	: 3072 KB
physical id	: 0
siblings	: 4
core id		: 2
cpu cores	: 2
apicid		: 5
initial apicid	: 5
fpu		: yes
fpu_exception	: yes
cpuid level	: 11
wp		: yes
flags		: fpu vme de pse tsc msr pae mce cx8 apic sep mtrr pge mca cmov pat pse36 clflush dts acpi mmx fxsr sse sse2 ss ht tm pbe syscall nx rdtscp lm constant_tsc arch_perfmon pebs bts rep_good nopl xtopology nonstop_tsc aperfmperf pni dtes64 monitor ds_cpl vmx smx est tm2 ssse3 cx16 xtpr pdcm pcid sse4_1 sse4_2 popcnt lahf_lm ida arat dtherm tpr_shadow vnmi flexpriority ept vpid
bugs		:
bogomips	: 5320.47
clflush size	: 64
cache_alignment	: 64
address sizes	: 36 bits physical, 48 bits virtual
power management:



Memory: 4k page, physical 3713924k(104692k free), swap 1952764k(0k free)

vm_info: Java HotSpot(TM) 64-Bit Server VM (24.80-b11) for linux-amd64 JRE (1.7.0_80-b15), built on Apr 10 2015 19:53:14 by "java_re" with gcc 4.3.0 20080428 (Red Hat 4.3.0-8)

time: Wed Jun 10 00:15:12 2015
elapsed time: 89 seconds

